<?xml version="1.0" encoding="UTF-8"?>
<!-- Generated by org.testng.reporters.JUnitXMLReporter -->
<testsuite ignored="0" hostname="DESKTOP-NAHFAA3" failures="0" tests="3" name="Default test" time="28.731" errors="0" timestamp="2024-10-07T23:17:08 CST">
  <testcase classname="orangeHRM.test.LoginTest" name="ValidLogin" time="3.459"/>
  <testcase classname="orangeHRM.test.LoginTest" name="InvalidLogin" time="1.987"/>
  <testcase classname="orangeHRM.test.LoginTest" name="EmptyCredentialsLogin" time="0.792"/>
</testsuite> <!-- Default test -->
