<?xml version="1.0" encoding="UTF-8"?>
<testng-results ignored="0" total="3" passed="3" failed="0" skipped="0">
  <reporter-output>
  </reporter-output>
  <suite started-at="2024-10-08T19:26:51 CST" name="Default suite" finished-at="2024-10-08T19:27:02 CST" duration-ms="10858">
    <groups>
    </groups>
    <test started-at="2024-10-08T19:26:51 CST" name="Default test" finished-at="2024-10-08T19:27:02 CST" duration-ms="10858">
      <class name="orangeHRM.runner.LoginTest">
        <test-method is-config="true" signature="setup()[pri:0, instance:orangeHRM.runner.LoginTest@25f9407e]" started-at="2024-10-08T19:26:51 CST" name="setup" finished-at="2024-10-08T19:26:58 CST" duration-ms="7138" status="PASS">
          <reporter-output>
          </reporter-output>
        </test-method> <!-- setup -->
        <test-method signature="InvalidLogin()[pri:1, instance:orangeHRM.runner.LoginTest@25f9407e]" started-at="2024-10-08T19:26:58 CST" name="InvalidLogin" finished-at="2024-10-08T19:27:00 CST" duration-ms="1679" status="PASS">
          <reporter-output>
          </reporter-output>
        </test-method> <!-- InvalidLogin -->
        <test-method signature="EmptyCredentialsLogin()[pri:2, instance:orangeHRM.runner.LoginTest@25f9407e]" started-at="2024-10-08T19:27:00 CST" name="EmptyCredentialsLogin" finished-at="2024-10-08T19:27:00 CST" duration-ms="393" status="PASS">
          <reporter-output>
          </reporter-output>
        </test-method> <!-- EmptyCredentialsLogin -->
        <test-method signature="ValidLogin()[pri:3, instance:orangeHRM.runner.LoginTest@25f9407e]" started-at="2024-10-08T19:27:00 CST" name="ValidLogin" finished-at="2024-10-08T19:27:02 CST" duration-ms="1318" status="PASS">
          <reporter-output>
          </reporter-output>
        </test-method> <!-- ValidLogin -->
        <test-method is-config="true" signature="teardown()[pri:0, instance:orangeHRM.runner.LoginTest@25f9407e]" started-at="2024-10-08T19:27:02 CST" name="teardown" finished-at="2024-10-08T19:27:02 CST" duration-ms="262" status="PASS">
          <reporter-output>
          </reporter-output>
        </test-method> <!-- teardown -->
      </class> <!-- orangeHRM.runner.LoginTest -->
    </test> <!-- Default test -->
  </suite> <!-- Default suite -->
</testng-results>
