<?xml version="1.0" encoding="UTF-8"?>
<testng-results ignored="0" total="3" passed="3" failed="0" skipped="0">
  <reporter-output>
  </reporter-output>
  <suite started-at="2024-10-07T23:16:39 CST" name="Default suite" finished-at="2024-10-07T23:17:08 CST" duration-ms="28731">
    <groups>
    </groups>
    <test started-at="2024-10-07T23:16:39 CST" name="Default test" finished-at="2024-10-07T23:17:08 CST" duration-ms="28731">
      <class name="orangeHRM.test.LoginTest">
        <test-method is-config="true" signature="setup()[pri:0, instance:orangeHRM.test.LoginTest@47289387]" started-at="2024-10-07T23:16:39 CST" name="setup" finished-at="2024-10-07T23:16:48 CST" duration-ms="8694" status="PASS">
          <reporter-output>
          </reporter-output>
        </test-method> <!-- setup -->
        <test-method signature="ValidLogin()[pri:2, instance:orangeHRM.test.LoginTest@47289387]" started-at="2024-10-07T23:16:48 CST" name="ValidLogin" finished-at="2024-10-07T23:16:51 CST" duration-ms="3459" status="PASS">
          <reporter-output>
          </reporter-output>
        </test-method> <!-- ValidLogin -->
        <test-method is-config="true" signature="teardown()[pri:0, instance:orangeHRM.test.LoginTest@47289387]" started-at="2024-10-07T23:16:51 CST" name="teardown" finished-at="2024-10-07T23:16:51 CST" duration-ms="436" status="PASS">
          <reporter-output>
          </reporter-output>
        </test-method> <!-- teardown -->
        <test-method is-config="true" signature="setup()[pri:0, instance:orangeHRM.test.LoginTest@47289387]" started-at="2024-10-07T23:16:51 CST" name="setup" finished-at="2024-10-07T23:16:58 CST" duration-ms="6668" status="PASS">
          <reporter-output>
          </reporter-output>
        </test-method> <!-- setup -->
        <test-method signature="InvalidLogin()[pri:3, instance:orangeHRM.test.LoginTest@47289387]" started-at="2024-10-07T23:16:58 CST" name="InvalidLogin" finished-at="2024-10-07T23:17:00 CST" duration-ms="1987" status="PASS">
          <reporter-output>
          </reporter-output>
        </test-method> <!-- InvalidLogin -->
        <test-method is-config="true" signature="teardown()[pri:0, instance:orangeHRM.test.LoginTest@47289387]" started-at="2024-10-07T23:17:00 CST" name="teardown" finished-at="2024-10-07T23:17:00 CST" duration-ms="169" status="PASS">
          <reporter-output>
          </reporter-output>
        </test-method> <!-- teardown -->
        <test-method is-config="true" signature="setup()[pri:0, instance:orangeHRM.test.LoginTest@47289387]" started-at="2024-10-07T23:17:00 CST" name="setup" finished-at="2024-10-07T23:17:06 CST" duration-ms="6169" status="PASS">
          <reporter-output>
          </reporter-output>
        </test-method> <!-- setup -->
        <test-method signature="EmptyCredentialsLogin()[pri:4, instance:orangeHRM.test.LoginTest@47289387]" started-at="2024-10-07T23:17:06 CST" name="EmptyCredentialsLogin" finished-at="2024-10-07T23:17:07 CST" duration-ms="792" status="PASS">
          <reporter-output>
          </reporter-output>
        </test-method> <!-- EmptyCredentialsLogin -->
        <test-method is-config="true" signature="teardown()[pri:0, instance:orangeHRM.test.LoginTest@47289387]" started-at="2024-10-07T23:17:07 CST" name="teardown" finished-at="2024-10-07T23:17:08 CST" duration-ms="222" status="PASS">
          <reporter-output>
          </reporter-output>
        </test-method> <!-- teardown -->
      </class> <!-- orangeHRM.test.LoginTest -->
    </test> <!-- Default test -->
  </suite> <!-- Default suite -->
</testng-results>
