<?xml version="1.0" encoding="UTF-8"?>
<!-- Generated by org.testng.reporters.JUnitXMLReporter -->
<testsuite ignored="0" hostname="DESKTOP-NAHFAA3" failures="0" tests="3" name="selenium_maven_testng" time="8.376" errors="0" timestamp="2024-10-03T20:19:48 CST">
  <testcase classname="swagLabs.test.SwagLabsbaseTest" name="EmptyLoginPage" time="0.301"/>
  <testcase classname="swagLabs.test.SwagLabsbaseTest" name="InvalidLoginPage" time="0.33"/>
  <testcase classname="swagLabs.test.SwagLabsbaseTest" name="ValidLoginPage" time="0.964"/>
</testsuite> <!-- selenium_maven_testng -->
